2022-08-08 00:00:06,743 INFO (StdSchedulerFactory.java:1220)- Using default implementation for ThreadExecutor
2022-08-08 00:00:06,750 INFO (SchedulerSignalerImpl.java:61)- Initialized Scheduler Signaller of type: class org.quartz.core.SchedulerSignalerImpl
2022-08-08 00:00:06,750 INFO (QuartzScheduler.java:229)- Quartz Scheduler v.2.3.2 created.
2022-08-08 00:00:06,751 INFO (RAMJobStore.java:155)- RAMJobStore initialized.
2022-08-08 00:00:06,751 INFO (QuartzScheduler.java:294)- Scheduler meta-data: Quartz Scheduler (v2.3.2) 'quartzScheduler' with instanceId 'NON_CLUSTERED'
  Scheduler class: 'org.quartz.core.QuartzScheduler' - running locally.
  NOT STARTED.
  Currently in standby mode.
  Number of jobs executed: 0
  Using thread pool 'org.quartz.simpl.SimpleThreadPool' - with 10 threads.
  Using job-store 'org.quartz.simpl.RAMJobStore' - which does not support persistence. and is not clustered.

2022-08-08 00:00:06,751 INFO (StdSchedulerFactory.java:1374)- Quartz scheduler 'quartzScheduler' initialized from an externally provided properties instance.
2022-08-08 00:00:06,752 INFO (StdSchedulerFactory.java:1378)- Quartz scheduler version: 2.3.2
2022-08-08 00:00:06,752 INFO (QuartzScheduler.java:2293)- JobFactory set to: org.springframework.scheduling.quartz.SpringBeanJobFactory@2665a2e7
2022-08-08 00:00:07,347 INFO (EndpointLinksResolver.java:58)- Exposing 15 endpoint(s) beneath base path '/actuator'
2022-08-08 00:00:07,433 INFO (Undertow.java:120)- starting server: Undertow - 2.2.18.Final
2022-08-08 00:00:07,438 INFO (Xnio.java:95)- XNIO version 3.8.7.Final
2022-08-08 00:00:07,442 INFO (NioXnio.java:58)- XNIO NIO Implementation Version 3.8.7.Final
2022-08-08 00:00:07,459 INFO (Version.java:52)- JBoss Threads version 3.1.0.Final
2022-08-08 00:00:07,491 INFO (UndertowWebServer.java:119)- Undertow started on port(s) 8883 (http)
2022-08-08 00:00:07,492 INFO (SchedulerFactoryBean.java:729)- Starting Quartz Scheduler now
2022-08-08 00:00:07,493 INFO (QuartzScheduler.java:547)- Scheduler quartzScheduler_$_NON_CLUSTERED started.
2022-08-08 00:00:07,504 INFO (StartupInfoLogger.java:61)- Started NovelApplication in 18.057 seconds (process running for 18.975)
2022-08-08 00:00:07,506 INFO (NovelApplication.java:32)- 加载了如下缓存管理器：
2022-08-08 00:00:07,506 INFO (NovelApplication.java:34)- caffeineCacheManager:org.springframework.cache.support.SimpleCacheManager
2022-08-08 00:00:07,506 INFO (NovelApplication.java:35)- 缓存：[homeBookCache, latestNewsCache, bookNewestRankCache, bookUpdateRankCache, bookCategoryListCache, bookInfoCache, bookChapterCache, lastUpdateBookIdListCache]
2022-08-08 00:00:07,507 INFO (NovelApplication.java:34)- redisCacheManager:org.springframework.data.redis.cache.RedisCacheManager
2022-08-08 00:00:07,507 INFO (NovelApplication.java:35)- 缓存：[bookVisitRankCache, homeFriendLinkCache, bookContentCache, userInfoCache, authorInfoCache]
2022-08-08 00:00:07,750 INFO (HikariDataSource.java:110)- HikariPool-1 - Starting...
2022-08-08 00:00:07,752 INFO (ServletContextImpl.java:382)- Initializing Spring DispatcherServlet 'dispatcherServlet'
2022-08-08 00:00:07,752 INFO (FrameworkServlet.java:525)- Initializing Servlet 'dispatcherServlet'
2022-08-08 00:00:07,754 INFO (FrameworkServlet.java:547)- Completed initialization in 2 ms
2022-08-08 00:00:07,849 INFO (HikariPool.java:565)- HikariPool-1 - Added connection com.mysql.cj.jdbc.ConnectionImpl@423af89
2022-08-08 00:00:07,852 INFO (HikariDataSource.java:123)- HikariPool-1 - Start completed.
2022-08-08 00:00:15,338 DEBUG (BaseJdbcLogger.java:137)- ==>  Preparing: SELECT id,category_id,category_name,source_name,title,create_time,update_time FROM news_info ORDER BY create_time DESC limit 2
2022-08-08 00:00:15,338 DEBUG (BaseJdbcLogger.java:137)- ==>  Preparing: SELECT id,work_direction,category_id,category_name,pic_url,book_name,author_id,author_name,book_desc,score,book_status,visit_count,word_count,comment_count,last_chapter_id,last_chapter_name,last_chapter_update_time,is_vip,create_time,update_time FROM book_info WHERE (word_count > ? AND word_count > ?) ORDER BY create_time DESC limit 30
2022-08-08 00:00:15,338 DEBUG (BaseJdbcLogger.java:137)- ==>  Preparing: SELECT id,work_direction,category_id,category_name,pic_url,book_name,author_id,author_name,book_desc,score,book_status,visit_count,word_count,comment_count,last_chapter_id,last_chapter_name,last_chapter_update_time,is_vip,create_time,update_time FROM book_info WHERE (word_count > ? AND word_count > ?) ORDER BY update_time DESC limit 30
2022-08-08 00:00:15,338 DEBUG (BaseJdbcLogger.java:137)- ==>  Preparing: SELECT id,type,sort,book_id,create_time,update_time FROM home_book ORDER BY sort ASC
2022-08-08 00:00:15,356 DEBUG (BaseJdbcLogger.java:137)- ==> Parameters: 
2022-08-08 00:00:15,356 DEBUG (BaseJdbcLogger.java:137)- ==> Parameters: 
2022-08-08 00:00:15,356 DEBUG (BaseJdbcLogger.java:137)- ==> Parameters: 0(Integer), 0(Integer)
2022-08-08 00:00:15,356 DEBUG (BaseJdbcLogger.java:137)- ==> Parameters: 0(Integer), 0(Integer)
2022-08-08 00:00:15,378 DEBUG (BaseJdbcLogger.java:137)- <==      Total: 2
2022-08-08 00:00:15,381 DEBUG (BaseJdbcLogger.java:137)- <==      Total: 31
2022-08-08 00:00:15,383 DEBUG (BaseJdbcLogger.java:137)- <==      Total: 30
2022-08-08 00:00:15,383 DEBUG (BaseJdbcLogger.java:137)- <==      Total: 30
2022-08-08 00:00:15,385 DEBUG (BaseJdbcLogger.java:137)- ==>  Preparing: SELECT id,work_direction,category_id,category_name,pic_url,book_name,author_id,author_name,book_desc,score,book_status,visit_count,word_count,comment_count,last_chapter_id,last_chapter_name,last_chapter_update_time,is_vip,create_time,update_time FROM book_info WHERE (id IN (?,?,?,?,?,?,?,?,?,?,?,?,?,?,?,?,?,?,?,?,?,?,?,?,?,?,?,?,?,?,?))
2022-08-08 00:00:15,387 DEBUG (BaseJdbcLogger.java:137)- ==> Parameters: 1334318182169681920(Long), 1334318497132552192(Long), 1334318818323963904(Long), 1334328310788882432(Long), 1334334734843609088(Long), 1334335471568912384(Long), 1337759637059973121(Long), 1337759773395824640(Long), 1337762752513486849(Long), 1337872061003993088(Long), 1337872316667793408(Long), 1337872488235798528(Long), 1337872597996539904(Long), 1337872898115768320(Long), 1337873148071120896(Long), 1337874646456864768(Long), 1337874812798767104(Long), 1337874951365988352(Long), 1337875255574663168(Long), 1337876581629038592(Long), 1337879143543476224(Long), 1337879206630002688(Long), 1337882606201475072(Long), 1337884719262470144(Long), 1337949399824781312(Long), 1337957605418520576(Long), 1337958745514233856(Long), 1337960531323047936(Long), 1337961040297644032(Long), 1337968514828390400(Long), 1337971702436515840(Long)
2022-08-08 00:00:15,393 DEBUG (BaseJdbcLogger.java:137)- <==      Total: 31
2022-08-08 00:01:26,159 DEBUG (BaseJdbcLogger.java:137)- ==>  Preparing: SELECT id,work_direction,category_id,category_name,pic_url,book_name,author_id,author_name,book_desc,score,book_status,visit_count,word_count,comment_count,last_chapter_id,last_chapter_name,last_chapter_update_time,is_vip,create_time,update_time FROM book_info WHERE (word_count > ? AND word_count > ?) ORDER BY update_time DESC limit 30
2022-08-08 00:01:26,160 DEBUG (BaseJdbcLogger.java:137)- ==> Parameters: 0(Integer), 0(Integer)
2022-08-08 00:01:26,163 DEBUG (BaseJdbcLogger.java:137)- <==      Total: 30
2022-08-08 00:02:35,819 DEBUG (BaseJdbcLogger.java:137)- ==>  Preparing: SELECT id,work_direction,category_id,category_name,pic_url,book_name,author_id,author_name,book_desc,score,book_status,visit_count,word_count,comment_count,last_chapter_id,last_chapter_name,last_chapter_update_time,is_vip,create_time,update_time FROM book_info WHERE (word_count > ? AND word_count > ?) ORDER BY update_time DESC limit 30
2022-08-08 00:02:35,820 DEBUG (BaseJdbcLogger.java:137)- ==> Parameters: 0(Integer), 0(Integer)
2022-08-08 00:02:35,823 DEBUG (BaseJdbcLogger.java:137)- <==      Total: 30
2022-08-08 00:05:44,768 DEBUG (BaseJdbcLogger.java:137)- ==>  Preparing: SELECT id,work_direction,category_id,category_name,pic_url,book_name,author_id,author_name,book_desc,score,book_status,visit_count,word_count,comment_count,last_chapter_id,last_chapter_name,last_chapter_update_time,is_vip,create_time,update_time FROM book_info WHERE (word_count > ? AND word_count > ?) ORDER BY update_time DESC limit 30
2022-08-08 00:05:44,769 DEBUG (BaseJdbcLogger.java:137)- ==> Parameters: 0(Integer), 0(Integer)
2022-08-08 00:05:44,772 DEBUG (BaseJdbcLogger.java:137)- <==      Total: 30
2022-08-08 00:23:07,721 DEBUG (BaseJdbcLogger.java:137)- ==>  Preparing: SELECT id,category_id,category_name,source_name,title,create_time,update_time FROM news_info ORDER BY create_time DESC limit 2
2022-08-08 00:23:07,722 DEBUG (BaseJdbcLogger.java:137)- ==> Parameters: 
2022-08-08 00:23:07,722 DEBUG (BaseJdbcLogger.java:137)- ==>  Preparing: SELECT id,work_direction,category_id,category_name,pic_url,book_name,author_id,author_name,book_desc,score,book_status,visit_count,word_count,comment_count,last_chapter_id,last_chapter_name,last_chapter_update_time,is_vip,create_time,update_time FROM book_info WHERE (word_count > ? AND word_count > ?) ORDER BY update_time DESC limit 30
2022-08-08 00:23:07,723 DEBUG (BaseJdbcLogger.java:137)- ==> Parameters: 0(Integer), 0(Integer)
2022-08-08 00:23:07,724 DEBUG (BaseJdbcLogger.java:137)- <==      Total: 2
2022-08-08 00:23:07,726 DEBUG (BaseJdbcLogger.java:137)- <==      Total: 30
2022-08-08 00:24:44,362 DEBUG (BaseJdbcLogger.java:137)- ==>  Preparing: SELECT id,work_direction,category_id,category_name,pic_url,book_name,author_id,author_name,book_desc,score,book_status,visit_count,word_count,comment_count,last_chapter_id,last_chapter_name,last_chapter_update_time,is_vip,create_time,update_time FROM book_info WHERE (word_count > ? AND word_count > ?) ORDER BY update_time DESC limit 30
2022-08-08 00:24:44,363 DEBUG (BaseJdbcLogger.java:137)- ==> Parameters: 0(Integer), 0(Integer)
2022-08-08 00:24:44,366 DEBUG (BaseJdbcLogger.java:137)- <==      Total: 30
2022-08-08 00:27:55,867 DEBUG (BaseJdbcLogger.java:137)- ==>  Preparing: SELECT id,work_direction,category_id,category_name,pic_url,book_name,author_id,author_name,book_desc,score,book_status,visit_count,word_count,comment_count,last_chapter_id,last_chapter_name,last_chapter_update_time,is_vip,create_time,update_time FROM book_info WHERE (word_count > ? AND word_count > ?) ORDER BY update_time DESC limit 30
2022-08-08 00:27:55,868 DEBUG (BaseJdbcLogger.java:137)- ==> Parameters: 0(Integer), 0(Integer)
2022-08-08 00:27:55,871 DEBUG (BaseJdbcLogger.java:137)- <==      Total: 30
2022-08-08 00:30:18,992 DEBUG (BaseJdbcLogger.java:137)- ==>  Preparing: SELECT id,work_direction,category_id,category_name,pic_url,book_name,author_id,author_name,book_desc,score,book_status,visit_count,word_count,comment_count,last_chapter_id,last_chapter_name,last_chapter_update_time,is_vip,create_time,update_time FROM book_info WHERE (word_count > ? AND word_count > ?) ORDER BY update_time DESC limit 30
2022-08-08 00:30:18,992 DEBUG (BaseJdbcLogger.java:137)- ==>  Preparing: SELECT id,work_direction,category_id,category_name,pic_url,book_name,author_id,author_name,book_desc,score,book_status,visit_count,word_count,comment_count,last_chapter_id,last_chapter_name,last_chapter_update_time,is_vip,create_time,update_time FROM book_info WHERE (word_count > ? AND word_count > ?) ORDER BY create_time DESC limit 30
2022-08-08 00:30:18,993 DEBUG (BaseJdbcLogger.java:137)- ==> Parameters: 0(Integer), 0(Integer)
2022-08-08 00:30:18,993 DEBUG (BaseJdbcLogger.java:137)- ==> Parameters: 0(Integer), 0(Integer)
2022-08-08 00:30:18,998 DEBUG (BaseJdbcLogger.java:137)- <==      Total: 30
2022-08-08 00:30:18,998 DEBUG (BaseJdbcLogger.java:137)- <==      Total: 30
2022-08-08 00:30:50,801 INFO (QuartzScheduler.java:585)- Scheduler quartzScheduler_$_NON_CLUSTERED paused.
2022-08-08 00:30:50,802 INFO (Undertow.java:259)- stopping server: Undertow - 2.2.18.Final
2022-08-08 00:30:50,805 INFO (ServletContextImpl.java:382)- Destroying Spring FrameworkServlet 'dispatcherServlet'
2022-08-08 00:30:50,808 INFO (SchedulerFactoryBean.java:847)- Shutting down Quartz Scheduler
2022-08-08 00:30:50,808 INFO (QuartzScheduler.java:666)- Scheduler quartzScheduler_$_NON_CLUSTERED shutting down.
2022-08-08 00:30:50,808 INFO (QuartzScheduler.java:585)- Scheduler quartzScheduler_$_NON_CLUSTERED paused.
2022-08-08 00:30:50,808 INFO (QuartzScheduler.java:740)- Scheduler quartzScheduler_$_NON_CLUSTERED shutdown complete.
2022-08-08 00:30:50,924 INFO (HikariDataSource.java:350)- HikariPool-1 - Shutdown initiated...
2022-08-08 00:30:50,926 INFO (HikariDataSource.java:352)- HikariPool-1 - Shutdown completed.
2022-08-08 00:30:53,588 INFO (StartupInfoLogger.java:55)- Starting NovelApplication using Java 17.0.3.1 on Mingjie-coding with PID 28212 (D:\Java\novel\target\classes started by 85396 in D:\Java\novel)
2022-08-08 00:30:53,590 DEBUG (StartupInfoLogger.java:56)- Running with Spring Boot v3.0.0-SNAPSHOT, Spring v6.0.0-M5
2022-08-08 00:30:53,590 INFO (SpringApplication.java:635)- The following 1 profile is active: "dev"
2022-08-08 00:30:53,592 INFO (Version.java:21)- HV000001: Hibernate Validator 7.0.4.Final
2022-08-08 00:30:54,542 INFO (RepositoryConfigurationDelegate.java:294)- Multiple Spring Data modules found, entering strict repository configuration mode
2022-08-08 00:30:54,544 INFO (RepositoryConfigurationDelegate.java:138)- Bootstrapping Spring Data Redis repositories in DEFAULT mode.
2022-08-08 00:30:54,567 INFO (RepositoryConfigurationDelegate.java:208)- Finished Spring Data repository scanning in 14 ms. Found 0 Redis repository interfaces.
2022-08-08 00:30:55,016 WARN (Bootstrap.java:68)- UT026010: Buffer pool was not set on WebSocketDeploymentInfo, the default pool will be used
2022-08-08 00:30:55,030 INFO (ServletContextImpl.java:382)- Initializing Spring embedded WebApplicationContext
2022-08-08 00:30:55,030 INFO (ServletWebServerApplicationContext.java:291)- Root WebApplicationContext: initialization completed in 1307 ms
2022-08-08 00:30:57,226 INFO (StdSchedulerFactory.java:1220)- Using default implementation for ThreadExecutor
2022-08-08 00:30:57,232 INFO (SchedulerSignalerImpl.java:61)- Initialized Scheduler Signaller of type: class org.quartz.core.SchedulerSignalerImpl
2022-08-08 00:30:57,233 INFO (QuartzScheduler.java:229)- Quartz Scheduler v.2.3.2 created.
2022-08-08 00:30:57,233 INFO (RAMJobStore.java:155)- RAMJobStore initialized.
2022-08-08 00:30:57,234 INFO (QuartzScheduler.java:294)- Scheduler meta-data: Quartz Scheduler (v2.3.2) 'quartzScheduler' with instanceId 'NON_CLUSTERED'
  Scheduler class: 'org.quartz.core.QuartzScheduler' - running locally.
  NOT STARTED.
  Currently in standby mode.
  Number of jobs executed: 0
  Using thread pool 'org.quartz.simpl.SimpleThreadPool' - with 10 threads.
  Using job-store 'org.quartz.simpl.RAMJobStore' - which does not support persistence. and is not clustered.

2022-08-08 00:30:57,234 INFO (StdSchedulerFactory.java:1374)- Quartz scheduler 'quartzScheduler' initialized from an externally provided properties instance.
2022-08-08 00:30:57,234 INFO (StdSchedulerFactory.java:1378)- Quartz scheduler version: 2.3.2
2022-08-08 00:30:57,234 INFO (QuartzScheduler.java:2293)- JobFactory set to: org.springframework.scheduling.quartz.SpringBeanJobFactory@5e41e6ad
2022-08-08 00:30:57,799 INFO (EndpointLinksResolver.java:58)- Exposing 15 endpoint(s) beneath base path '/actuator'
2022-08-08 00:30:57,877 INFO (Undertow.java:120)- starting server: Undertow - 2.2.18.Final
2022-08-08 00:30:57,881 INFO (Xnio.java:95)- XNIO version 3.8.7.Final
2022-08-08 00:30:57,885 INFO (NioXnio.java:58)- XNIO NIO Implementation Version 3.8.7.Final
2022-08-08 00:30:57,901 INFO (Version.java:52)- JBoss Threads version 3.1.0.Final
2022-08-08 00:30:57,931 INFO (UndertowWebServer.java:119)- Undertow started on port(s) 8883 (http)
2022-08-08 00:30:57,932 INFO (SchedulerFactoryBean.java:729)- Starting Quartz Scheduler now
2022-08-08 00:30:57,932 INFO (QuartzScheduler.java:547)- Scheduler quartzScheduler_$_NON_CLUSTERED started.
2022-08-08 00:30:57,943 INFO (StartupInfoLogger.java:61)- Started NovelApplication in 4.733 seconds (process running for 5.407)
2022-08-08 00:30:57,945 INFO (NovelApplication.java:32)- 加载了如下缓存管理器：
2022-08-08 00:30:57,946 INFO (NovelApplication.java:34)- caffeineCacheManager:org.springframework.cache.support.SimpleCacheManager
2022-08-08 00:30:57,946 INFO (NovelApplication.java:35)- 缓存：[homeBookCache, latestNewsCache, bookNewestRankCache, bookUpdateRankCache, bookCategoryListCache, bookInfoCache, bookChapterCache, lastUpdateBookIdListCache]
2022-08-08 00:30:57,946 INFO (NovelApplication.java:34)- redisCacheManager:org.springframework.data.redis.cache.RedisCacheManager
2022-08-08 00:30:57,946 INFO (NovelApplication.java:35)- 缓存：[bookVisitRankCache, homeFriendLinkCache, bookContentCache, userInfoCache, authorInfoCache]
2022-08-08 00:30:58,124 INFO (ServletContextImpl.java:382)- Initializing Spring DispatcherServlet 'dispatcherServlet'
2022-08-08 00:30:58,124 INFO (FrameworkServlet.java:525)- Initializing Servlet 'dispatcherServlet'
2022-08-08 00:30:58,124 INFO (HikariDataSource.java:110)- HikariPool-1 - Starting...
2022-08-08 00:30:58,126 INFO (FrameworkServlet.java:547)- Completed initialization in 2 ms
2022-08-08 00:30:58,228 INFO (HikariPool.java:565)- HikariPool-1 - Added connection com.mysql.cj.jdbc.ConnectionImpl@21576060
2022-08-08 00:30:58,231 INFO (HikariDataSource.java:123)- HikariPool-1 - Start completed.
2022-08-08 00:31:02,839 DEBUG (BaseJdbcLogger.java:137)- ==>  Preparing: SELECT id,type,sort,book_id,create_time,update_time FROM home_book ORDER BY sort ASC
2022-08-08 00:31:02,839 DEBUG (BaseJdbcLogger.java:137)- ==>  Preparing: SELECT id,work_direction,category_id,category_name,pic_url,book_name,author_id,author_name,book_desc,score,book_status,visit_count,word_count,comment_count,last_chapter_id,last_chapter_name,last_chapter_update_time,is_vip,create_time,update_time FROM book_info WHERE (word_count > ? AND word_count > ?) ORDER BY create_time DESC limit 30
2022-08-08 00:31:02,839 DEBUG (BaseJdbcLogger.java:137)- ==>  Preparing: SELECT id,work_direction,category_id,category_name,pic_url,book_name,author_id,author_name,book_desc,score,book_status,visit_count,word_count,comment_count,last_chapter_id,last_chapter_name,last_chapter_update_time,is_vip,create_time,update_time FROM book_info WHERE (word_count > ? AND word_count > ?) ORDER BY update_time DESC limit 30
2022-08-08 00:31:02,839 DEBUG (BaseJdbcLogger.java:137)- ==>  Preparing: SELECT id,category_id,category_name,source_name,title,create_time,update_time FROM news_info ORDER BY create_time DESC limit 2
2022-08-08 00:31:02,864 DEBUG (BaseJdbcLogger.java:137)- ==> Parameters: 0(Integer), 0(Integer)
2022-08-08 00:31:02,864 DEBUG (BaseJdbcLogger.java:137)- ==> Parameters: 
2022-08-08 00:31:02,864 DEBUG (BaseJdbcLogger.java:137)- ==> Parameters: 
2022-08-08 00:31:02,864 DEBUG (BaseJdbcLogger.java:137)- ==> Parameters: 0(Integer), 0(Integer)
2022-08-08 00:31:02,896 DEBUG (BaseJdbcLogger.java:137)- <==      Total: 2
2022-08-08 00:31:02,901 DEBUG (BaseJdbcLogger.java:137)- <==      Total: 31
2022-08-08 00:31:02,903 DEBUG (BaseJdbcLogger.java:137)- <==      Total: 30
2022-08-08 00:31:02,904 DEBUG (BaseJdbcLogger.java:137)- <==      Total: 30
2022-08-08 00:31:02,906 DEBUG (BaseJdbcLogger.java:137)- ==>  Preparing: SELECT id,work_direction,category_id,category_name,pic_url,book_name,author_id,author_name,book_desc,score,book_status,visit_count,word_count,comment_count,last_chapter_id,last_chapter_name,last_chapter_update_time,is_vip,create_time,update_time FROM book_info WHERE (id IN (?,?,?,?,?,?,?,?,?,?,?,?,?,?,?,?,?,?,?,?,?,?,?,?,?,?,?,?,?,?,?))
2022-08-08 00:31:02,908 DEBUG (BaseJdbcLogger.java:137)- ==> Parameters: 1334318182169681920(Long), 1334318497132552192(Long), 1334318818323963904(Long), 1334328310788882432(Long), 1334334734843609088(Long), 1334335471568912384(Long), 1337759637059973121(Long), 1337759773395824640(Long), 1337762752513486849(Long), 1337872061003993088(Long), 1337872316667793408(Long), 1337872488235798528(Long), 1337872597996539904(Long), 1337872898115768320(Long), 1337873148071120896(Long), 1337874646456864768(Long), 1337874812798767104(Long), 1337874951365988352(Long), 1337875255574663168(Long), 1337876581629038592(Long), 1337879143543476224(Long), 1337879206630002688(Long), 1337882606201475072(Long), 1337884719262470144(Long), 1337949399824781312(Long), 1337957605418520576(Long), 1337958745514233856(Long), 1337960531323047936(Long), 1337961040297644032(Long), 1337968514828390400(Long), 1337971702436515840(Long)
2022-08-08 00:31:02,916 DEBUG (BaseJdbcLogger.java:137)- <==      Total: 31
2022-08-08 00:32:50,765 DEBUG (BaseJdbcLogger.java:137)- ==>  Preparing: SELECT id,work_direction,category_id,category_name,pic_url,book_name,author_id,author_name,book_desc,score,book_status,visit_count,word_count,comment_count,last_chapter_id,last_chapter_name,last_chapter_update_time,is_vip,create_time,update_time FROM book_info WHERE (word_count > ? AND word_count > ?) ORDER BY update_time DESC limit 30
2022-08-08 00:32:50,766 DEBUG (BaseJdbcLogger.java:137)- ==> Parameters: 0(Integer), 0(Integer)
2022-08-08 00:32:50,772 DEBUG (BaseJdbcLogger.java:137)- <==      Total: 30
2022-08-08 00:34:57,186 DEBUG (BaseJdbcLogger.java:137)- ==>  Preparing: SELECT id,work_direction,category_id,category_name,pic_url,book_name,author_id,author_name,book_desc,score,book_status,visit_count,word_count,comment_count,last_chapter_id,last_chapter_name,last_chapter_update_time,is_vip,create_time,update_time FROM book_info WHERE (word_count > ? AND word_count > ?) ORDER BY update_time DESC limit 30
2022-08-08 00:34:57,187 DEBUG (BaseJdbcLogger.java:137)- ==> Parameters: 0(Integer), 0(Integer)
2022-08-08 00:34:57,190 DEBUG (BaseJdbcLogger.java:137)- <==      Total: 30
2022-08-08 00:36:02,914 DEBUG (BaseJdbcLogger.java:137)- ==>  Preparing: SELECT id,work_direction,category_id,category_name,pic_url,book_name,author_id,author_name,book_desc,score,book_status,visit_count,word_count,comment_count,last_chapter_id,last_chapter_name,last_chapter_update_time,is_vip,create_time,update_time FROM book_info WHERE (word_count > ? AND word_count > ?) ORDER BY update_time DESC limit 30
2022-08-08 00:36:02,914 DEBUG (BaseJdbcLogger.java:137)- ==> Parameters: 0(Integer), 0(Integer)
2022-08-08 00:36:02,917 DEBUG (BaseJdbcLogger.java:137)- <==      Total: 30
2022-08-08 00:37:33,712 DEBUG (BaseJdbcLogger.java:137)- ==>  Preparing: SELECT id,work_direction,category_id,category_name,pic_url,book_name,author_id,author_name,book_desc,score,book_status,visit_count,word_count,comment_count,last_chapter_id,last_chapter_name,last_chapter_update_time,is_vip,create_time,update_time FROM book_info WHERE (word_count > ? AND word_count > ?) ORDER BY update_time DESC limit 30
2022-08-08 00:37:33,713 DEBUG (BaseJdbcLogger.java:137)- ==> Parameters: 0(Integer), 0(Integer)
2022-08-08 00:37:33,717 DEBUG (BaseJdbcLogger.java:137)- <==      Total: 30
2022-08-08 00:39:08,013 INFO (QuartzScheduler.java:585)- Scheduler quartzScheduler_$_NON_CLUSTERED paused.
2022-08-08 00:39:08,014 INFO (Undertow.java:259)- stopping server: Undertow - 2.2.18.Final
2022-08-08 00:39:08,019 INFO (ServletContextImpl.java:382)- Destroying Spring FrameworkServlet 'dispatcherServlet'
2022-08-08 00:39:08,022 INFO (SchedulerFactoryBean.java:847)- Shutting down Quartz Scheduler
2022-08-08 00:39:08,022 INFO (QuartzScheduler.java:666)- Scheduler quartzScheduler_$_NON_CLUSTERED shutting down.
2022-08-08 00:39:08,022 INFO (QuartzScheduler.java:585)- Scheduler quartzScheduler_$_NON_CLUSTERED paused.
2022-08-08 00:39:08,023 INFO (QuartzScheduler.java:740)- Scheduler quartzScheduler_$_NON_CLUSTERED shutdown complete.
2022-08-08 00:39:08,147 INFO (HikariDataSource.java:350)- HikariPool-1 - Shutdown initiated...
2022-08-08 00:39:08,151 INFO (HikariDataSource.java:352)- HikariPool-1 - Shutdown completed.
